2023-11-17 19:53:57,905 INFO o.a.j.u.JMeterUtils: Setting Locale to en_EN
2023-11-17 19:53:57,923 INFO o.a.j.JMeter: Loading user properties from: /home/Oumayma/Downloads/apache-jmeter-5.6.2/bin/user.properties
2023-11-17 19:53:57,923 INFO o.a.j.JMeter: Loading system properties from: /home/Oumayma/Downloads/apache-jmeter-5.6.2/bin/system.properties
2023-11-17 19:53:57,927 INFO o.a.j.JMeter: Copyright (c) 1998-2023 The Apache Software Foundation
2023-11-17 19:53:57,927 INFO o.a.j.JMeter: Version 5.6.2
2023-11-17 19:53:57,927 INFO o.a.j.JMeter: java.version=11.0.18
2023-11-17 19:53:57,928 INFO o.a.j.JMeter: java.vm.name=OpenJDK 64-Bit Server VM
2023-11-17 19:53:57,928 INFO o.a.j.JMeter: os.name=Linux
2023-11-17 19:53:57,928 INFO o.a.j.JMeter: os.arch=amd64
2023-11-17 19:53:57,928 INFO o.a.j.JMeter: os.version=5.14.0-378.el9.x86_64
2023-11-17 19:53:57,928 INFO o.a.j.JMeter: file.encoding=UTF-8
2023-11-17 19:53:57,928 INFO o.a.j.JMeter: java.awt.headless=true
2023-11-17 19:53:57,928 INFO o.a.j.JMeter: Max memory     =1073741824
2023-11-17 19:53:57,928 INFO o.a.j.JMeter: Available Processors =12
2023-11-17 19:53:57,934 INFO o.a.j.JMeter: Default Locale=English (EN)
2023-11-17 19:53:57,935 INFO o.a.j.JMeter: JMeter  Locale=English (EN)
2023-11-17 19:53:57,935 INFO o.a.j.JMeter: JMeterHome=/home/Oumayma/Downloads/apache-jmeter-5.6.2
2023-11-17 19:53:57,935 INFO o.a.j.JMeter: user.dir  =/home/Oumayma/Documents/DevOps/DevOps_TP_2_Pipeline
2023-11-17 19:53:57,935 INFO o.a.j.JMeter: PWD       =/home/Oumayma/Documents/DevOps/DevOps_TP_2_Pipeline
2023-11-17 19:53:57,936 INFO o.a.j.JMeter: IP: 127.0.0.1 Name: localhost FullName: localhost
2023-11-17 19:53:57,947 INFO o.a.j.s.FileServer: Default base='/home/Oumayma/Documents/DevOps/DevOps_TP_2_Pipeline'
2023-11-17 19:53:57,948 INFO o.a.j.s.FileServer: Set new base='/home/Oumayma/Documents/DevOps/DevOps_TP_2_Pipeline/src/test/resources/jmeter'
2023-11-17 19:53:58,075 INFO o.a.j.s.SaveService: Testplan (JMX) version: 2.2. Testlog (JTL) version: 2.2
2023-11-17 19:53:58,090 INFO o.a.j.s.SaveService: Using SaveService properties version 5.0
2023-11-17 19:53:58,093 INFO o.a.j.s.SaveService: Using SaveService properties file encoding UTF-8
2023-11-17 19:53:58,095 INFO o.a.j.s.SaveService: Loading file: src/test/resources/jmeter/Test_Plan.jmx
2023-11-17 19:53:58,149 INFO o.a.j.p.h.s.HTTPSamplerBase: Parser for text/html is org.apache.jmeter.protocol.http.parser.LagartoBasedHtmlParser
2023-11-17 19:53:58,149 INFO o.a.j.p.h.s.HTTPSamplerBase: Parser for application/xhtml+xml is org.apache.jmeter.protocol.http.parser.LagartoBasedHtmlParser
2023-11-17 19:53:58,149 INFO o.a.j.p.h.s.HTTPSamplerBase: Parser for application/xml is org.apache.jmeter.protocol.http.parser.LagartoBasedHtmlParser
2023-11-17 19:53:58,149 INFO o.a.j.p.h.s.HTTPSamplerBase: Parser for text/xml is org.apache.jmeter.protocol.http.parser.LagartoBasedHtmlParser
2023-11-17 19:53:58,149 INFO o.a.j.p.h.s.HTTPSamplerBase: Parser for text/vnd.wap.wml is org.apache.jmeter.protocol.http.parser.RegexpHTMLParser
2023-11-17 19:53:58,149 INFO o.a.j.p.h.s.HTTPSamplerBase: Parser for text/css is org.apache.jmeter.protocol.http.parser.CssParser
2023-11-17 19:53:58,186 INFO o.a.j.JMeter: Creating summariser <summary>
2023-11-17 19:53:58,200 INFO o.a.j.e.StandardJMeterEngine: Running the test!
2023-11-17 19:53:58,201 INFO o.a.j.s.SampleEvent: List of sample_variables: []
2023-11-17 19:53:58,201 INFO o.a.j.s.SampleEvent: List of sample_variables: []
2023-11-17 19:53:58,210 INFO o.a.j.e.u.CompoundVariable: Note: Function class names must contain the string: '.functions.'
2023-11-17 19:53:58,210 INFO o.a.j.e.u.CompoundVariable: Note: Function class names must not contain the string: '.gui.'
2023-11-17 19:53:58,460 INFO o.a.j.JMeter: Running test (1700247238460)
2023-11-17 19:53:58,471 INFO o.a.j.e.StandardJMeterEngine: Starting ThreadGroup: 1 : Test_Plan
2023-11-17 19:53:58,472 INFO o.a.j.e.StandardJMeterEngine: Starting 10 threads for group Test_Plan.
2023-11-17 19:53:58,472 INFO o.a.j.e.StandardJMeterEngine: Thread will continue on error
2023-11-17 19:53:58,472 INFO o.a.j.t.ThreadGroup: Starting thread group... number=1 threads=10 ramp-up=10 delayedStart=false
2023-11-17 19:53:58,481 INFO o.a.j.t.JMeterThread: Thread started: Test_Plan 1-1
2023-11-17 19:53:58,486 INFO o.a.j.t.ThreadGroup: Started thread group number 1
2023-11-17 19:53:58,486 INFO o.a.j.e.StandardJMeterEngine: All thread groups have been started
2023-11-17 19:53:58,497 INFO o.a.j.p.h.s.HTTPHCAbstractImpl: Local host = localhost
2023-11-17 19:53:58,503 INFO o.a.j.p.h.s.HTTPHC4Impl: HTTP request retry count = 0
2023-11-17 19:53:58,504 INFO o.a.j.s.SampleResult: Note: Sample TimeStamps are START times
2023-11-17 19:53:58,504 INFO o.a.j.s.SampleResult: sampleresult.default.encoding is set to UTF-8
2023-11-17 19:53:58,504 INFO o.a.j.s.SampleResult: sampleresult.useNanoTime=true
2023-11-17 19:53:58,504 INFO o.a.j.s.SampleResult: sampleresult.nanoThreadSleep=5000
2023-11-17 19:53:58,653 INFO o.a.j.t.JMeterThread: Thread is done: Test_Plan 1-1
2023-11-17 19:53:58,653 INFO o.a.j.t.JMeterThread: Thread finished: Test_Plan 1-1
2023-11-17 19:53:59,476 INFO o.a.j.t.JMeterThread: Thread started: Test_Plan 1-2
2023-11-17 19:53:59,518 INFO o.a.j.t.JMeterThread: Thread is done: Test_Plan 1-2
2023-11-17 19:53:59,518 INFO o.a.j.t.JMeterThread: Thread finished: Test_Plan 1-2
2023-11-17 19:54:00,476 INFO o.a.j.t.JMeterThread: Thread started: Test_Plan 1-3
2023-11-17 19:54:00,487 INFO o.a.j.r.Summariser: summary +     13 in 00:00:02 =    6.4/s Avg:     9 Min:     3 Max:    47 Err:     0 (0.00%) Active: 1 Started: 3 Finished: 2
2023-11-17 19:54:00,519 INFO o.a.j.t.JMeterThread: Thread is done: Test_Plan 1-3
2023-11-17 19:54:00,519 INFO o.a.j.t.JMeterThread: Thread finished: Test_Plan 1-3
2023-11-17 19:54:01,474 INFO o.a.j.t.JMeterThread: Thread started: Test_Plan 1-4
2023-11-17 19:54:01,515 INFO o.a.j.t.JMeterThread: Thread is done: Test_Plan 1-4
2023-11-17 19:54:01,515 INFO o.a.j.t.JMeterThread: Thread finished: Test_Plan 1-4
2023-11-17 19:54:02,473 INFO o.a.j.t.JMeterThread: Thread started: Test_Plan 1-5
2023-11-17 19:54:02,549 INFO o.a.j.t.JMeterThread: Thread is done: Test_Plan 1-5
2023-11-17 19:54:02,549 INFO o.a.j.t.JMeterThread: Thread finished: Test_Plan 1-5
2023-11-17 19:54:03,473 INFO o.a.j.t.JMeterThread: Thread started: Test_Plan 1-6
2023-11-17 19:54:03,510 INFO o.a.j.t.JMeterThread: Thread is done: Test_Plan 1-6
2023-11-17 19:54:03,510 INFO o.a.j.t.JMeterThread: Thread finished: Test_Plan 1-6
2023-11-17 19:54:04,474 INFO o.a.j.t.JMeterThread: Thread started: Test_Plan 1-7
2023-11-17 19:54:04,517 INFO o.a.j.t.JMeterThread: Thread is done: Test_Plan 1-7
2023-11-17 19:54:04,517 INFO o.a.j.t.JMeterThread: Thread finished: Test_Plan 1-7
2023-11-17 19:54:05,474 INFO o.a.j.t.JMeterThread: Thread started: Test_Plan 1-8
2023-11-17 19:54:05,514 INFO o.a.j.t.JMeterThread: Thread is done: Test_Plan 1-8
2023-11-17 19:54:05,514 INFO o.a.j.t.JMeterThread: Thread finished: Test_Plan 1-8
2023-11-17 19:54:06,473 INFO o.a.j.t.JMeterThread: Thread started: Test_Plan 1-9
2023-11-17 19:54:06,514 INFO o.a.j.t.JMeterThread: Thread is done: Test_Plan 1-9
2023-11-17 19:54:06,514 INFO o.a.j.t.JMeterThread: Thread finished: Test_Plan 1-9
2023-11-17 19:54:07,473 INFO o.a.j.t.JMeterThread: Thread started: Test_Plan 1-10
2023-11-17 19:54:07,514 INFO o.a.j.t.JMeterThread: Thread is done: Test_Plan 1-10
2023-11-17 19:54:07,514 INFO o.a.j.t.JMeterThread: Thread finished: Test_Plan 1-10
2023-11-17 19:54:07,515 INFO o.a.j.e.StandardJMeterEngine: Notifying test listeners of end of test
2023-11-17 19:54:07,515 INFO o.a.j.r.Summariser: summary +     47 in 00:00:07 =    6.7/s Avg:     6 Min:     4 Max:    18 Err:     0 (0.00%) Active: 0 Started: 10 Finished: 10
2023-11-17 19:54:07,515 INFO o.a.j.r.Summariser: summary =     60 in 00:00:09 =    6.6/s Avg:     7 Min:     3 Max:    47 Err:     0 (0.00%)
